20210525
csv_nmfeng.arc,[COM3D2EN S-Court][Dance - Night Magic Fire - Included in Base Game]
csv_vp001.arc,[COM3D2EN S-Court][Visual Pack]
menu_dlc002.arc,[COM3D2EN Shop][DLC Set VOL.01][Costume][Casual Cardigan Set Up]
menu_dlc003.arc,[COM3D2EN Shop][DLC Set VOL.01][Costume][Bow Tie Dress]
menu_dlc004.arc,[COM3D2EN Shop][DLC Set VOL.01][Costume][A Married Woman Like Casual Wear Set]
menu_dlc005.arc,[COM3D2EN Shop][DLC Set VOL.01][Costume][Mini Shrine Maid]
menu_dlc006.arc,[COM3D2EN Shop][DLC Set VOL.02][Costume][SLC Set]
menu_dlc007.arc,[COM3D2EN Shop][DLC Set VOL.02][Costume][Off Shoulder Casual Wear Set]
menu_dlc008.arc,[COM3D2EN Shop][DLC Set VOL.02][Costume][Plain Bolero Set]
menu_dlc009.arc,[COM3D2EN Shop][DLC Set VOL.02][Costume][Girly Hoodie Set]
menu_dlc010.arc,[COM3D2EN Shop][DLC Set VOL.03][Costume][Hoodie & Cheeky Shorts Set]
menu_dlc011.arc,[COM3D2EN Shop][DLC Set VOL.03][Costume][Little Formal Set]
menu_dlc012.arc,[COM3D2EN Shop][DLC Set VOL.03][Costume][Slave Clothes Set]
menu_dlc013.arc,[COM3D2EN Shop][DLC Set VOL.03][Costume][Magical Witch Set]
menu_dlc001.arc,[COM3D2EN Shop][Freebee 01][Costume][Separated Maid Uniform]
menu_dlc014.arc,[COM3D2EN Shop][Freebee 02][Costume][Cow Costume]
parts_dlc023.arc,[COM3D2EN Shop][DLC Set VOL.06][Hair][Intake Wave Bob]
parts_dlc024.arc,[COM3D2EN Shop][DLC Set VOL.06][Hair][Curly Side Hair Bangs]
parts_dlc025.arc,[COM3D2EN Shop][DLC Set VOL.06][Hair][Straight and Blunt Bangs]
menu_dlc026.arc,[COM3D2EN Shop][DLC Set VOL.06][Costume][Pajama Set]
menu_dlc027.arc,[COM3D2EN Shop][DLC Set VOL.06][Costume][Mini Skirt General Set]
menu_dlc079.arc,[COM3D2EN Shop][Freebee 03][Acc][Fox Set]
menu_dlc090.arc,[COM3D2EN Shop][Freebee 04][Acc][Sport Sunglasses]
menu_dlc098.arc,[COM3D2EN Shop][Freebee 05][Acc][Headphones]
menu_dlc069.arc,[COM3D2EN Shop][Freebee 06][Costume][White Lace Set]
menu_dlc118.arc,[COM3D2EN Shop][Freebee 07][Acc][New Years Headdress]
csv_3d21reserve.arc,[COM3D2EN Shop][Freebee 08][Event][COM3D2 Release Celebration Set]
motion_nekoparataiyo.arc,[COM3D2EN Shop][Collab][NEKO WORKs][Dance][Nekopara Tayiou Paradise]
parts_dlc300.arc,[COM3D2EN Shop][Freebee 09][Costume][Kunoichi Set]
parts_3d2hairs1.arc,[COM3D2EN Shop][Freebee 10][Hair][Hair Set 1]
motion_senkyo001.arc,[COM3D2EN Shop][Freebee 11][Dance][1st Only You]
parts_3d2cos1.arc,[COM3D2EN Shop][Freebee 12][Costume][Costume Set 1]
parts_dlc140.arc,[COM3D2EN Shop][Collab][NEKO WORKs][Chocolat&Vanilla][Costume][NEKOPARA - Chocolat Maid]
parts_dlc141.arc,[COM3D2EN Shop][Collab][NEKO WORKs][Chocolat&Vanilla][Costume][NEKOPARA - Vanilla Maid]
parts_3d2hairs2.arc,[COM3D2EN Shop][Hair][Hair Set 2]
parts_dlc287.arc,[COM3D2EN Shop][Collab][NEKO WORKs][Costume Full Set][Costume][NEKOPARA - Maple Casual & Maid Clothes Set]
parts_dlc288.arc,[COM3D2EN Shop][Collab][NEKO WORKs][Costume Full Set][Costume][NEKOPARA - Cinnamon Casual & Maid Clothes Set]
parts_dlc289.arc,[COM3D2EN Shop][Collab][NEKO WORKs][Costume Full Set][Costume][NEKOPARA - Azuki Casual & Maid Clothes Set]
parts_dlc290.arc,[COM3D2EN Shop][Collab][NEKO WORKs][Costume Full Set][Costume][NEKOPARA - Coconut Casual & Maid Clothes Set]
script_dlc299.arc,[COM3D2EN Shop][Collab][NEKO WORKs][Costume Full Set][Facility][NEKOPARA - NEKOWORKs! Collaboration Cafe]
parts_3d2hairs3.arc,[COM3D2EN Shop][Freebee 13][Hair][Hair Set 3]
menu_dlc015.arc,[COM3D2EN Shop][DLC Set VOL.04][Costume][College Girl Set]
menu_dlc016.arc,[COM3D2EN Shop][DLC Set VOL.04][Costume][Gothic Girl Kimono]
menu_dlc018.arc,[COM3D2EN Shop][DLC Set VOL.04][Costume][Shrine Maiden Set]
menu_dlc019.arc,[COM3D2EN Shop][DLC Set VOL.05][Costume][vertical Stripe Sweater Casual Wear Set]
menu_dlc020.arc,[COM3D2EN Shop][DLC Set VOL.05][Costume][Cabin Attendant Uniform Set]
menu_dlc021.arc,[COM3D2EN Shop][DLC Set VOL.05][Costume][Pumpkin Witch Set]
menu_dlc022.arc,[COM3D2EN Shop][DLC Set VOL.05][Costume][MML Bondage Set]
parts_sp001cloth1.arc,[COM3D2EN Shop][Season Pack 1][2019 Summer][Costume][Ao Dai Set]
parts_sp001cloth2.arc,[COM3D2EN Shop][Season Pack 1][2019 Summer][Costume][Sea Cafe Costume Set]
parts_sp001cloth3.arc,[COM3D2EN Shop][Season Pack 1][2019 Summer][Costume][GhaGha Sailor Set]
script_sp001.arc,[COM3D2EN Shop][Season Pack 1][2019 Summer][Event][Sea Cafe Management]
parts_3d2vhairs7.arc,[COM3D2EN Shop][Hair][Hair Set 4][Various hair Parts 07]
parts_3d2vhairs8.arc,[COM3D2EN Shop][Hair][Hair Set 4][Various hair Parts 08]
parts_3d2vhairs9.arc,[COM3D2EN Shop][Hair][Hair Set 4][Various hair Parts 09]
parts_3d2vhairs10.arc,[COM3D2EN Shop][Hair][Hair Set 4][Various hair Parts 10]
parts_3d2vhairs11.arc,[COM3D2EN Shop][Hair][Hair Set 4][Various hair Parts 11]
parts_3d2vhairs12.arc,[COM3D2EN Shop][Hair][Hair Set 4][Various hair Parts 12]
parts_3d2vhairs13.arc,[COM3D2EN Shop][Hair][Hair Set 4][Various hair Parts 13]
parts_3d2vhairs14.arc,[COM3D2EN Shop][Hair][Hair Set 4][Various hair Parts 14]
parts_3d2vcos1.arc,[COM3D2EN Shop][Costume Set 2][Sexy Bondage Set]
parts_3d2vcos2.arc,[COM3D2EN Shop][Costume Set 2][Erotic Bondage Set]
parts_3d2vcos3.arc,[COM3D2EN Shop][Costume Set 2][Bunny Girl Set]
parts_3d2vcos4.arc,[COM3D2EN Shop][Costume Set 2][Sailor Style Outfit Set]
parts_3d2vcos5.arc,[COM3D2EN Shop][Costume Set 2][China Dress Set]
motion_3d21reserve2.arc,[COM3D2EN Shop][Dance][Mainly Priority]
parts_3d2cos3.arc,[COM3D2EN Shop][Freebee 14][Costume][Costume Set 3]
menu_dlc028.arc,[COM3D2EN Shop][DLC Set VOL.07][Costume][Nadeshiko Maid Outfit]
menu_dlc029.arc,[COM3D2EN Shop][DLC Set VOL.07][Hair][Beauty Long]
menu_dlc030.arc,[COM3D2EN Shop][DLC Set VOL.07][Costume][Clerk Set]
menu_dlc031.arc,[COM3D2EN Shop][DLC Set VOL.07][Costume][Fluffy Coat Set]
script_charaevent001.arc,[COM3D2EN Shop][Additional Event Pack Vol.01][Pure Love/NTR]
parts_sp002cloth1.arc,[COM3D2EN Shop][Season Pack 2][2019 Autumn][Costume][Guard Military Uniform Set]
parts_sp002cloth2.arc,[COM3D2EN Shop][Season Pack 2][2019 Autumn][Costume][Cute Shrine Maiden Set]
parts_sp002cloth3.arc,[COM3D2EN Shop][Season Pack 2][2019 Autumn][Costume][Ninja Set]
script_sp002.arc,[COM3D2EN Shop][Season Pack 2][2019 Autumn][Event][Shrine Management]
menu_dlc032.arc,[COM3D2EN Shop][DLC Set VOL.08][Costume][Female Teacher Set]
menu_dlc033.arc,[COM3D2EN Shop][DLC Set VOL.08][Costume][Young Men Set]
menu_dlc034.arc,[COM3D2EN Shop][DLC Set VOL.08][Costume][Long Sleeve T-Shirt Casual Clothes Set]
menu_dlc035.arc,[COM3D2EN Shop][DLC Set VOL.08][Hair][Charming]
menu_dlc036.arc,[COM3D2EN Shop][DLC Set VOL.09][Costume][Santa Claus Costume Set]
menu_dlc037.arc,[COM3D2EN Shop][DLC Set VOL.09][Costume][Frilled Dress Set]
menu_dlc038.arc,[COM3D2EN Shop][DLC Set VOL.09][Hair][Sporty]
menu_dlc039.arc,[COM3D2EN Shop][DLC Set VOL.09][Costume][20's Fashionable Outfit Set]
menu_denkigai2015s.arc,[COM3D2EN Shop][Denkigai 01][2015 Summer Item Set]
script_omytgc001.arc,[COM3D2EN Shop][Yotogi Class Vol.01][Hentai Humiliation & Soap Service]
parts_dlc040.arc,[COM3D2EN Shop][DLC Set VOL.10][Costume][Duffle Coat Set]
menu_dlc041.arc,[COM3D2EN Shop][DLC Set VOL.10][Costume][Sexy Kunoichi Set]
menu_dlc042.arc,[COM3D2EN Shop][DLC Set VOL.10][Costume][Summer Kimono Set]
menu_dlc043.arc,[COM3D2EN Shop][DLC Set VOL.10][Hair][Very Short Bangs]
menu_dlc047.arc,[COM3D2EN Shop][DLC Set VOL.11][Costume][Animal Costume Set]
menu_dlc048.arc,[COM3D2EN Shop][DLC Set VOL.11][Costume][High Leg Leotard Set]
menu_dlc049.arc,[COM3D2EN Shop][DLC Set VOL.11][Costume][Bikini Armor Set]
menu_dlc050.arc,[COM3D2EN Shop][DLC Set VOL.11][Hair][Mysterious]
script_charaevent002.arc,[COM3D2EN Shop][Additional Event Pack Vol.02][Pure Love]
script_charaevent002ntr.arc,[COM3D2EN Shop][Additional Event Pack Vol.02][NTR]
menu_denkigai2015w.arc,[COM3D2EN Shop][Denkigai 02][2015 Winter Item Set]
parts_sp003cloth1.arc,[COM3D2EN Shop][Season Pack 3][2019 Winter][Costume][Open Back Sweater Set]
parts_sp003cloth2.arc,[COM3D2EN Shop][Season Pack 3][2019 Winter][Costume][Snow Sports Wear Set]
parts_sp003cloth3.arc,[COM3D2EN Shop][Season Pack 3][2019 Winter][Costume][Snow Fairy Set]
script_sp003.arc,[COM3D2EN Shop][Season Pack 3][2019 Winter][Event][Ski Resort Management]
script_charaevent003.arc,[COM3D2EN Shop][Additional Event Pack Vol.03][Pure Love]
script_charaevent003ntr.arc,[COM3D2EN Shop][Additional Event Pack Vol.03][NTR]
script_charaevent004.arc,[COM3D2EN Shop][Additional Event Pack Vol.04][Pure Love]
script_charaevent004ntr.arc,[COM3D2EN Shop][Additional Event Pack Vol.04][NTR]
menu_dlc197.arc,[COM3D2EN Shop][Bundle][Rookie Set Vol.1][Costume][Sexy Teacher Set]
script_cos021.arc,[COM3D2EN Shop][Bundle][Rookie Set Vol.1][Yotogi][Queen's Handjob]
menu_dlc077.arc,[COM3D2EN Shop][Japanese Cosplay Set][Costume][Ghost Set]
menu_dlc116.arc,[COM3D2EN Shop][Japanese Cosplay Set][Costume][Oiran Minidress Set]
menu_dlc117.arc,[COM3D2EN Shop][Japanese Cosplay Set][Costume][Japanese-Print Fundoshi]
menu_dlc122.arc,[COM3D2EN Shop][Erotic Costume Set][Costume][Female Oni Costume Set]
menu_dlc142.arc,[COM3D2EN Shop][Erotic Costume Set][Costume][Sexy Panther Set]
menu_dlc190.arc,[COM3D2EN Shop][Erotic Costume Set][Costume][Bondage Escort Set]
menu_dlc143.arc,[COM3D2EN Shop][Bundle][Rookie Set Vol.2][Costume][Sexy Devil Set]
script_denkigai2019sbara.arc,[COM3D2EN Shop][Bundle][Rookie Set Vol.2][Yotogi][Queen Rose Whip]
parts_dlcdenkigai2019w.arc,[COM3D2EN Shop][Denkigai 03][2019 Winter Item Set]
script_charaevent005.arc,[COM3D2EN Shop][Additional Event Pack Vol.05][Pure Love]
script_charaevent005ntr.arc,[COM3D2EN Shop][Additional Event Pack Vol.05][NTR]
script_cw003en.arc,[COM3D2EN Shop][Freebee 15][Event][Valentine's Day Event]
voice_personal_om002.arc,[COM3D2EN S-Court][Personality][Sweet little Devil]
parts_cw003cloth1.arc,[COM3D2EN S-Court][Personality][Sweet little Devil][LE Bonus][Cute Lovely Sweater Set]
menu_dlc103.arc,[COM3D2EN Shop][Variety Pack 1][Costume][Sweet Little Devil Maid Outfit]
menu_dlc104.arc,[COM3D2EN Shop][Variety Pack 1][Costume][Angel Maid Outfit]
menu_dlc062.arc,[COM3D2EN Shop][Variety Pack 1][Costume][Flower Lace Set]
menu_dlc068.arc,[COM3D2EN Shop][Variety Pack 1][Hair][Round Casual]
script_omytgc010.arc,[COM3D2EN Shop][Yotogi Class Vol.02][Training Play Maid][&Variety Pack 1]
parts_cw001cloth1.arc,[COM3D2EN Shop][Costume+Flirty Shopping Date Set Vol.1][Costume][Mini Overall Dress Set]
parts_cw001cloth2.arc,[COM3D2EN Shop][Costume+Flirty Shopping Date Set Vol.1][Costume][Battle Armor Set]
parts_cw001cloth3.arc,[COM3D2EN Shop][Costume+Flirty Shopping Date Set Vol.1][Costume][Casual Leather Jacket Set]
parts_cw001cloth4.arc,[COM3D2EN Shop][Costume+Flirty Shopping Date Set Vol.1][Costume][Sorceress Set]
script_cw001.arc,[COM3D2EN Shop][Costume+Flirty Shopping Date Set Vol.1][Event][Outfit Events]
menu_dlc093.arc,[COM3D2EN Shop][Variety Pack 2][Costume][Western Set]
menu_dlc167.arc,[COM3D2EN Shop][Variety Pack 2][Costume][Country Girl Set]
menu_dlc137.arc,[COM3D2EN Shop][Variety Pack 2][Costume][Comfortable Underwear Set]
menu_dlc175.arc,[COM3D2EN Shop][Variety Pack 2][Hair][Short and Smart]
script_omytgc009.arc,[COM3D2EN Shop][Yotogi Class Vol.03][Soft SM Maid][&Variety Pack 2]
parts_sp004cloth1.arc,[COM3D2EN Shop][Season Pack 4][2020 Spring][Costume][Magical Nekomimi Girl Sakura Set]
parts_sp004cloth2.arc,[COM3D2EN Shop][Season Pack 4][2020 Spring][Costume][Sexy Happi Set]
parts_sp004cloth3.arc,[COM3D2EN Shop][Season Pack 4][2020 Spring][Costume][Beautiful Girl Shinsengumi Set]
script_sp004.arc,[COM3D2EN Shop][Season Pack 4][2020 Spring][Event][Spring Park Management]
menu_dlc160.arc,[COM3D2EN Shop][Variety Pack 3][Costume][Frilly Bikini Set]
menu_dlc161.arc,[COM3D2EN Shop][Variety Pack 3][Costume][Simple Ribbon One-Piece Set]
menu_dlc163.arc,[COM3D2EN Shop][Variety Pack 3][Costume][See-through Lingerie Set]
menu_dlc179.arc,[COM3D2EN Shop][Variety Pack 3][Hair][Wild Front]
script_omytgc011.arc,[COM3D2EN Shop][Yotogi Class Vol.04][Hard SM Play Maid][&Variety Pack 3]
script_charaevent006.arc,[COM3D2EN Shop][Additional Event Pack Vol.06][Pure Love]
script_charaevent006ntr.arc,[COM3D2EN Shop][Additional Event Pack Vol.06][NTR]
menu_dlc065.arc,[COM3D2EN Shop][Idol Costume Set][Costume][Dancing Maid Outfit]
menu_dlc115.arc,[COM3D2EN Shop][Idol Costume Set][Costume][Marching Idol Set]
menu_dlc187.arc,[COM3D2EN Shop][Idol Costume Set][Costume][Corset-style Lingerie Set]
parts_oldplus002hair1.arc,[COM3D2EN Shop][Idol Costume Set][Hair][Natural Airy]
motion_dance_reg.arc,[COM3D2EN Shop][Dance][The Tears Of Regulus]
menu_dlc066.arc,[COM3D2EN Shop][Variety Pack 4][Costume][Dancing Cheerleader Set]
menu_dlc072.arc,[COM3D2EN Shop][Variety Pack 4][Costume][Sexy Cheerleader Set]
menu_dlc089.arc,[COM3D2EN Shop][Variety Pack 4][Costume][Stretchy Underwear Set]
parts_oldplus002hair2.arc,[COM3D2EN Shop][Variety Pack 4][Hair][Loose Front]
script_omytgc012.arc,[COM3D2EN Shop][Yotogi Class Vol.05][Group Play Maid][&Variety Pack 4]
parts_oldplus004hair2.arc,[COM3D2EN Shop][Maid Costume Set][Hair][Deep Love]
menu_dlc094.arc,[COM3D2EN Shop][Maid Costume Set][Costume][Soft Lace Underwear Set]
menu_dlc135.arc,[COM3D2EN Shop][Maid Costume Set][Costume][Simple Maid Outfit]
menu_dlc073.arc,[COM3D2EN Shop][Maid Costume Set][Costume][Sexy Frilly Maid Outfit]
parts_dlcdenkigai2018w.arc,[COM3D2EN Shop][Denkigai 04][2018 Winter Item Set]
menu_dlc071.arc,[COM3D2EN Shop][Sweet little Devil Costume Set][Costume][Sexy Mini Qipao Set]
menu_dlc102.arc,[COM3D2EN Shop][Sweet little Devil Costume Set][Costume][Gothic Maid Outfit]
menu_dlc131.arc,[COM3D2EN Shop][Sweet little Devil Costume Set][Costume][Sexy Waitress Set]
parts_gp001.arc,[COM3D2EN S-Court][GP01]
voice_personal_om002_gp001.arc,[COM3D2EN S-Court][GP01][Patch Sweet little Devil]
menu_dlc130.arc,[COM3D2EN Shop][Fairy Tale Costume Set][Costume][Bunny Suspenders Set]
menu_dlc132.arc,[COM3D2EN Shop][Fairy Tale Costume Set][Costume][Fairy Tale Dress Set]
menu_dlc151.arc,[COM3D2EN Shop][Fairy Tale Costume Set][Costume][Charming Clown Set]
script_omytgc002.arc,[COM3D2EN Shop][Yotogi Class Vol.06][Pervy Sexual Deviant Maid & Lovey-Dovey Healing Maid]
menu_dlc150.arc,[COM3D2EN Shop][Fancy Flower Costume Set][Costume][Fancy Princess Set]
menu_dlc152.arc,[COM3D2EN Shop][Fancy Flower Costume Set][Costume][Brilliant Flower Set]
menu_dlc174.arc,[COM3D2EN Shop][Fancy Flower Costume Set][Costume][Pretty Flower Lace Set]
parts_oldplus003hair2.arc,[COM3D2EN Shop][Fancy Flower Costume Set][Hair][Natural Bloom]
parts_dlc200.arc,[COM3D2EN Shop][Collab][Cocktail Soft][CanCan Bunny 3][Costume][Swatty Set]
parts_dlc201.arc,[COM3D2EN Shop][Collab][Cocktail Soft][CanCan Bunny 3][Costume][Kagome Suzaki Set]
motion_candygirl.arc,[COM3D2EN Shop][Dance][Candy Girl]
menu_dlc061.arc,[COM3D2EN Shop][Casual Date Costume Set][Costume][Plain Casual Clothes Set]
menu_dlc136.arc,[COM3D2EN Shop][Casual Date Costume Set][Costume][Sleeveless Casual Set]
menu_dlc166.arc,[COM3D2EN Shop][Casual Date Costume Set][Costume][Marine Set]
parts_sp005cloth1.arc,[COM3D2EN Shop][Date Pack 1][Summer 2019][Costume][Light Summer Dress Set]
parts_sp005cloth2.arc,[COM3D2EN Shop][Date Pack 1][Summer 2019][Costume][Battle Jumpsuit Set]
parts_sp005cloth3.arc,[COM3D2EN Shop][Date Pack 1][Summer 2019][Costume][Reticence Swimsuit Set]
script_sp005.arc,[COM3D2EN Shop][Date Pack 1][Summer 2019][Event][Summer Vacation Countryside; Under the starry Sky]
menu_dlc059.arc,[COM3D2EN Shop][Cute and Sexy Costume Set][Costume][Pure Maid Outfit]
menu_dlc185.arc,[COM3D2EN Shop][Cute and Sexy Costume Set][Costume][Naked Jacket Set]
menu_dlc074.arc,[COM3D2EN Shop][Cute and Sexy Costume Set][Costume][Cute and Sexy Lace Set]
script_omytgc013.arc,[COM3D2EN Shop][Yotogi Class Vol.07][Lovey Service Maid]
menu_dlc076.arc,[COM3D2EN Shop][Happy Date Costume Set][Costume][Summer Casual Set]
menu_dlc121.arc,[COM3D2EN Shop][Happy Date Costume Set][Costume][Feminine Casual Pants Set]
menu_dlc078.arc,[COM3D2EN Shop][Happy Date Costume Set][Costume][Sweet Lace Set]
parts_sp006cloth1.arc,[COM3D2EN Shop][Date Pack 2][Winter 2019][Costume][Light Summer Dress Set]
parts_cas001.arc,[COM3D2EN Shop][Date Pack 2][Winter 2019][Costume][Battle Jumpsuit Set]
parts_cas002.arc,[COM3D2EN Shop][Date Pack 2][Winter 2019][Costume][Reticence Swimsuit Set]
script_sp006.arc,[COM3D2EN Shop][Date Pack 2][Winter 2019][Event][Aquarium Date; Harem]
menu_dlc105.arc,[COM3D2EN Shop][Happy Wedding Costume Set][Costume][Angel Lingerie]
menu_dlc191.arc,[COM3D2EN Shop][Happy Wedding Costume Set][Costume][Bridal Dress Set]
menu_dlc106.arc,[COM3D2EN Shop][Happy Wedding Costume Set][Costume][Punk Gothic Set]
script_omytgc003.arc,[COM3D2EN Shop][Yotogi Class Vol.08][Lovey Dovey Maid & Lustful Maid]
menu_dlc075.arc,[COM3D2EN Shop][Summer Season Costume Set][Costume][Summer Uniform Set]
menu_dlc168.arc,[COM3D2EN Shop][Summer Season Costume Set][Costume][Casual Sportswear Set]
menu_dlc109.arc,[COM3D2EN Shop][Summer Season Costume Set][Costume][Chouette Lingerie]
parts_dlc085.arc,[COM3D2EN Shop][Collab][Kanotsuku 2][Costume Set]
motion_canknowtwoclose.arc,[COM3D2EN Shop][Collab][Kanotsuku 2][Dance][Can Know To Close]
script_2ndanniversary.arc,[COM3D2EN Shop][Freebee 16][Event][Thank you for Playing COM3D2]
menu_dlc060.arc,[COM3D2EN Shop][Sports Uniform Costume Set][Costume][Tennis Outfit]
menu_dlc086.arc,[COM3D2EN Shop][Sports Uniform Costume Set][Costume][Basketball Uniform]
menu_dlc087.arc,[COM3D2EN Shop][Sports Uniform Costume Set][Costume][Cycling Set]
parts_dlcdenkigai2018s.arc,[COM3D2EN Shop][Denkigai 05][2018 Summer Item Set]
menu_dlc044.arc,[COM3D2EN Shop][Collab][F&C-FC02][PIA3 Costume Set][Floral Mint]
menu_dlc045.arc,[COM3D2EN Shop][Collab][F&C-FC02][PIA3 Costume Set][Paruparo]
menu_dlc046.arc,[COM3D2EN Shop][Collab][F&C-FC02][PIA3 Costume Set][Tropical]
menu_dlc092.arc,[COM3D2EN Shop][Cosplay Costume Set][Costume][Race Queen Set]
menu_dlc108.arc,[COM3D2EN Shop][Cosplay Costume Set][Costume][Magician Set]
menu_dlc178.arc,[COM3D2EN Shop][Cosplay Costume Set][Costume][Simple Qipao Set]
menu_kissevent2017march.arc,[COM3D2EN Shop][Misc][Kiss Event 2017][March Item Set]
script_omytgc004.arc,[COM3D2EN Shop][Yotogi Class Vol.09][Hentai Restraint Torture & Hard Sex]
parts_dlc327.arc,[COM3D2EN Shop][Summer Swimsuit Costume Set][Costume][Lingerie-style Bikini]
parts_dlc328.arc,[COM3D2EN Shop][Summer Swimsuit Costume Set][Costume][Sweet little Devil Swimsuit]
parts_dlc329.arc,[COM3D2EN Shop][Summer Swimsuit Costume Set][Costume][Layer-style Bikini Set]
parts_dlc330.arc,[COM3D2EN Shop][Summer Swimsuit Costume Set][Costume][One-Piece Swimsuit Set]
parts_dlc332.arc,[COM3D2EN Shop][Summer Swimsuit Costume Set][Costume][Halter Neck Bikini & Swim Shorts]
parts_dlc331.arc,[COM3D2EN Shop][Summer Swimsuit Costume Set][Accessoire][3 Types Swimsuit Accessoires]
parts_dlc225.arc,[COM3D2EN Shop][Collab][F&C][Suigetsu Costume Set][Yuki Kotonomiya Set]
parts_dlc226.arc,[COM3D2EN Shop][Collab][F&C][Suigetsu Costume Set][Nanami Makino Set]
menu_dlc134.arc,[COM3D2EN Shop][Lovely Girl Costume Set][Costume][Flower Lace Tunic Set]
menu_dlc172.arc,[COM3D2EN Shop][Lovely Girl Costume Set][Costume][Girly Salopette Skirt Set]
parts_oldplus003hair1.arc,[COM3D2EN Shop][Lovely Girl Costume Set][Hair][Cool, Sharp]
parts_cw004cloth1.arc,[COM3D2EN Shop][Date Pack 3][Spring 2020][Costume][Donut Shop Uniform Set]
parts_cw004cloth2.arc,[COM3D2EN Shop][Date Pack 3][Spring 2020][Costume][Spring Brilliance Set]
parts_cw004cloth3.arc,[COM3D2EN Shop][Date Pack 3][Spring 2020][Costume][Graceful Long Skirt Set]
script_cw004.arc,[COM3D2EN Shop][Date Pack 3][Spring 2020][Event][Storefront Date- & H-Event]
menu_dlc051.arc,[COM3D2EN Shop][Collab][Lose][Maitetsu Costume Set][Hachiroku]
menu_dlc052.arc,[COM3D2EN Shop][Collab][Lose][Maitetsu Costume Set][Reina]
menu_dlc067.arc,[COM3D2EN Shop][Let's Exercise! Costume Set][Shape-up Set]
menu_dlc088.arc,[COM3D2EN Shop][Let's Exercise! Costume Set][Running Set]
menu_dlc162.arc,[COM3D2EN Shop][Let's Exercise! Costume Set][Front-crossed Bikini Set]
menu_dlc169.arc,[COM3D2EN Shop][Let's Exercise! Costume Set][Cute Lace Lingerie]
parts_cw002cloth1.arc,[COM3D2EN Shop][Costume+Flirty Shopping Date Set Vol.2][Costume][ Set]
parts_cw002cloth2.arc,[COM3D2EN Shop][Costume+Flirty Shopping Date Set Vol.2][Costume][ Set]
parts_cw002cloth3.arc,[COM3D2EN Shop][Costume+Flirty Shopping Date Set Vol.2][Costume][ Set]
parts_cw002cloth4.arc,[COM3D2EN Shop][Costume+Flirty Shopping Date Set Vol.2][Costume][ Set]
script_cw002.arc,[COM3D2EN Shop][Costume+Flirty Shopping Date Set Vol.2][Event][Boutique Store Date]
voice_ordermade004_solo.arc,[COM3D2EN S-Court][Personality][Sadist]
parts_dlc339.arc,[COM3D2EN S-Court][Personality][Sadist][LE Bonus][Bare Top Lace Set]
parts_dlc227.arc,[COM3D2EN Shop][Collab][alumi-soft][Wanko of Marriage Costume Set][Koharu]
parts_dlc228.arc,[COM3D2EN Shop][Collab][alumi-soft][Wanko of Marriage Costume Set][Azuki]
menu_dlc114.arc,[COM3D2EN Shop][Maid and Cute Costume Set][Normal Maid Outfit]
menu_dlc149.arc,[COM3D2EN Shop][Maid and Cute Costume Set][Raincoat Set]
menu_dlc145.arc,[COM3D2EN Shop][Maid and Cute Costume Set][Milky Lingerie Set]
script_charaevent007.arc,[COM3D2EN Shop][Additional Event Pack Vol.07][Pure Love]
script_charaevent007ntr.arc,[COM3D2EN Shop][Additional Event Pack Vol.07][NTR]
menu_dlc112.arc,[COM3D2EN Shop][Collab][Harukaze][Princess, Stray Cat and Matters of the Heart Costume Set][Patricia]
menu_dlc113.arc,[COM3D2EN Shop][Collab][Harukaze][Princess, Stray Cat and Matters of the Heart Costume Set][Yuki]
menu_dlc133.arc,[COM3D2EN Shop][Cyber Cute Costume Set][Flowing Ribbon Lingerie Set]
menu_dlc176.arc,[COM3D2EN Shop][Cyber Cute Costume Set][Dirndl Set]
menu_dlc199.arc,[COM3D2EN Shop][Cyber Cute Costume Set][Cybernetic Girl Set]
script_personal_om002plus.arc,[COM3D2EN Shop][Personality][Yotogi & Additional Event Pack][Sweet little Devil]
menu_dlc082.arc,[COM3D2EN Shop][Collab][Yuzusoft][Senren*Banka Costume Set][Tomotake Yoshino]
menu_dlc083.arc,[COM3D2EN Shop][Collab][Yuzusoft][Senren*Banka Costume Set][Hitachi Mako]
menu_dlc173.arc,[COM3D2EN Shop][Working Costume Set][Costume][Security Service Set]
menu_dlc184.arc,[COM3D2EN Shop][Working Costume Set][Costume][Office Lady Outfit Set]
parts_oldplus004hair1.arc,[COM3D2EN Shop][Working Costume Set][Hair][Clamp]
menu_dlc057.arc,[COM3D2EN Shop][Collab][madosoft][WagaHigh Set][Ousui Academy Uniform Set]
menu_dlc058.arc,[COM3D2EN Shop][Collab][madosoft][WagaHigh Set][Ribbon Set]
parts_dlc320.arc,[COM3D2EN Shop][Fantasy Monster Costume Set][Wildcat Set]
parts_dlc321.arc,[COM3D2EN Shop][Fantasy Monster Costume Set][Harpy Set]
parts_dlc322.arc,[COM3D2EN Shop][Fantasy Monster Costume Set][Draconoid Set]
menu_dlcdenkigai2016s.arc,[COM3D2EN Shop][Denkigai 06][2016 Summer Item Set]
menu_dlc063.arc,[COM3D2EN Shop][Collab][Lump of Sugar][Tayutama 2 Set][Private Takachiho Academy Uniform]
menu_dlc064.arc,[COM3D2EN Shop][Collab][Lump of Sugar][Tayutama 2 Set][Sohsei Experimental Academy of Learning Uniform]
parts_dlc323.arc,[COM3D2EN Shop][Mechanical Costume Set][Virtual Android Set]
parts_dlc324.arc,[COM3D2EN Shop][Mechanical Costume Set][Cyber Humanoid Set]
parts_dlc325.arc,[COM3D2EN Shop][Mechanical Costume Set][Mechanical Suit Set]
script_charaevent008.arc,[COM3D2EN Shop][Additional Event Pack Vol.08][Pure Love]
script_charaevent008ntr.arc,[COM3D2EN Shop][Additional Event Pack Vol.08][NTR]
menu_dlc170.arc,[COM3D2EN Shop][Collab][Alicesoft][Beat Valkyrie Ixseal Costume Set][Ixseal]
menu_dlc171.arc,[COM3D2EN Shop][Collab][Alicesoft][Beat Valkyrie Ixseal Costume Set][Kyriel]
parts_dlc314.arc,[COM3D2EN Shop][Fashionable Flowers Costume Set][Bare Babydoll Set]
parts_dlc315.arc,[COM3D2EN Shop][Fashionable Flowers Costume Set][Elegant Flower Bikini Set]
parts_dlc316.arc,[COM3D2EN Shop][Fashionable Flowers Costume Set][Off-the-Shoulder Ribbon Knit Set]
parts_dlc317.arc,[COM3D2EN Shop][Fashionable Flowers Costume Set][Flower Dress Set]
parts_magazine003.arc,[COM3D2EN Shop][Costume Set][Sakura Uraraka Hara Hirari]
motion_magazine003.arc,[COM3D2EN Shop][Dance][Sakura Uraraka Hara Hirari]
menu_dlc195.arc,[COM3D2EN Shop][Collab][SAGA Planets][Kinkoi Costume Set][Sylvie Dress Set]
menu_dlc196.arc,[COM3D2EN Shop][Collab][SAGA Planets][Kinkoi Costume Set][Reina Casual Set]
parts_cas003.arc,[COM3D2EN Shop][Fantastic Cosplay Costume Set][Punk Needle Set]
parts_cas004.arc,[COM3D2EN Shop][Fantastic Cosplay Costume Set][Vampire Set]
parts_cas005.arc,[COM3D2EN Shop][Fantastic Cosplay Costume Set][Racy Dancer Set]
parts_cas006.arc,[COM3D2EN Shop][Fantastic Cosplay Costume Set][Dark Soldier Set]
voice_ordermade004_gp001.arc,[COM3D2EN S-Court][GP01][Patch Sadist]
menu_dlc164.arc,[COM3D2EN Shop][Collab][Kiss][MML Costume Set][Valkyrie Dress Set]
menu_dlc165.arc,[COM3D2EN Shop][Collab][Kiss][MML Costume Set][Succubus Dress Set]
parts_dlc311.arc,[COM3D2EN Shop][Knight and Girl Costume Set][Asian Princess Set]
parts_dlc312.arc,[COM3D2EN Shop][Knight and Girl Costume Set][Knight General Set]
parts_dlc313.arc,[COM3D2EN Shop][Knight and Girl Costume Set][Fur Sleeve Set]
menu_dlcdenkigai2016w.arc,[COM3D2EN Shop][Denkigai 07][2016 Winter Item Set]
menu_dlc110.arc,[COM3D2EN Shop][Collab][Minato Soft][Majikoi Costume Set][Yukie Set]
menu_dlc111.arc,[COM3D2EN Shop][Collab][Minato Soft][Majikoi Costume Set][Margit Set]
parts_cas009.arc,[COM3D2EN Shop][Boyish Hairstyle and Costume Set][Costume][Casual Hoodie Set]
parts_cas010.arc,[COM3D2EN Shop][Boyish Hairstyle and Costume Set][Costume][Zip Hoodie Set]
parts_cas011.arc,[COM3D2EN Shop][Boyish Hairstyle and Costume Set][Costume][Sweater Vest Uniform Set]
parts_cas012.arc,[COM3D2EN Shop][Boyish Hairstyle and Costume Set][Hair][Adventurer Bangs]
parts_cas013.arc,[COM3D2EN Shop][Boyish Hairstyle and Costume Set][Hair][Beautiful Asymmetry]
parts_cas014.arc,[COM3D2EN Shop][Boyish Hairstyle and Costume Set][Hair][Drop Down]
script_charaevent009.arc,[COM3D2EN Shop][Additional Event Pack Vol.09][Pure Love]
script_charaevent009ntr.arc,[COM3D2EN Shop][Additional Event Pack Vol.09][NTR]
menu_dlc123.arc,[COM3D2EN Shop][Collab][NanaWind][HaruGra Costume Set][Yuuri Uniform Set]
menu_dlc124.arc,[COM3D2EN Shop][Collab][NanaWind][HaruGra Costume Set][Kazuah Casual Set]
parts_dlc348.arc,[COM3D2EN Shop][Welcome to the Cafeteria Costume Set][Pure Japanese-style Cafe Set]
parts_dlc349.arc,[COM3D2EN Shop][Welcome to the Cafeteria Costume Set][Pure Fancy Cafe Set]
parts_dlc350.arc,[COM3D2EN Shop][Welcome to the Cafeteria Costume Set][China Waitress Set]
parts_dlc351.arc,[COM3D2EN Shop][Welcome to the Cafeteria Costume Set][Sexy Fancy Cafe Set]
parts_sp006cloth3.arc,[COM3D2EN Shop][Welcome to the Cafeteria Costume Set][Japonesque Cafe Set]
parts_dlcdenkigai2020s.arc,[COM3D2EN Shop][Denkigai 08][2020 Summer Item Set]
parts_dlc301.arc,[COM3D2EN Shop][Collab][GIGA-AIKISS][Saegusa Ayame Costume Set]
parts_dlc304.arc,[COM3D2EN Shop][Collab][GIGA-AIKISS][Sakurada An Costume Set]
parts_dlc302.arc,[COM3D2EN Shop][Collab][GIGA-AIKISS][Saegusa Hinata Costume Set]
parts_dlc303.arc,[COM3D2EN Shop][Collab][GIGA-AIKISS][Kanno Junko Costume Set]
motion_dlc305.arc,[COM3D2EN Shop][Collab][GIGA-AIKISS][Dance][Looks Like I'm in Love]
parts_dlc340.arc,[COM3D2EN Shop][Cute Yo-Kai Costume Set][Snow Maiden Set]
parts_dlc341.arc,[COM3D2EN Shop][Cute Yo-Kai Costume Set][Tengu Set]
parts_dlc342.arc,[COM3D2EN Shop][Cute Yo-Kai Costume Set][Oni Girl Set]
parts_dlc343.arc,[COM3D2EN Shop][Cute Yo-Kai Costume Set][Dragon Girl Set]
menu_dlc100.arc,[COM3D2EN Shop][Collab][Pajamas Extasy][LoveSis Costume Set][Kisara]
menu_dlc101.arc,[COM3D2EN Shop][Collab][Pajamas Extasy][LoveSis Costume Set][Pnina]
parts_dlc333.arc,[COM3D2EN Shop][Animetic Uniform Costume Set][Cute Sailor Dress Set]
parts_dlc334.arc,[COM3D2EN Shop][Animetic Uniform Costume Set][School Uniform Dress Set]
parts_dlc335.arc,[COM3D2EN Shop][Animetic Uniform Costume Set][Short-sleeved Cardigan Uniform Set]
parts_dlc336.arc,[COM3D2EN Shop][Animetic Uniform Costume Set][Short Sailor Set]
parts_cas007.arc,[COM3D2EN Shop][Short Hairstyle and Sailor Suit Set][Costume][Sailor Suit Set]
parts_cas008.arc,[COM3D2EN Shop][Short Hairstyle and Sailor Suit Set][Hair][Short Hairstyle]
script_charaevent013.arc,[COM3D2EN Shop][Additional Event Pack Vol.10][Pure Love]
script_charaevent013ntr.arc,[COM3D2EN Shop][Additional Event Pack Vol.10][NTR]
menu_dlc146.arc,[COM3D2EN Shop][Collab][Lump of Sugar][Tayutama 2 AS Costume Set][Kohaku Set]
menu_dlc147.arc,[COM3D2EN Shop][Collab][Lump of Sugar][Tayutama 2 AS Costume Set][Nano Set]
menu_dlc148.arc,[COM3D2EN Shop][Collab][Lump of Sugar][Tayutama 2 AS Costume Set][Hifumi Set]
menu_dlc186.arc,[COM3D2EN Shop][Stylish Lady Costume Set][Ceremony Suit Set]
menu_dlc192.arc,[COM3D2EN Shop][Stylish Lady Costume Set][Madam Fashion Set]
menu_dlc198.arc,[COM3D2EN Shop][Stylish Lady Costume Set][Knit Coat Everyday Wear Set]
parts_dlc326.arc,[COM3D2EN Shop][Collab][Pajamas Extasy][Boku to Sensei no Nyuuin Seikatsu][Costume Set][Moe Isami]
script_dlc326.arc,[COM3D2EN Shop][Collab][Pajamas Extasy][Boku to Sensei no Nyuuin Seikatsu][Event][Image Club HSet]
menu_dlc153.arc,[COM3D2EN Shop][Collab][WillPlus][Ojonai Costume Set][Hair][Kuon Hair Set + Accessoires]
menu_dlc154.arc,[COM3D2EN Shop][Collab][WillPlus][Ojonai Costume Set][Hair][Erika Hair Set + Accessoires]
menu_dlc155.arc,[COM3D2EN Shop][Collab][WillPlus][Ojonai Costume Set][Hair][Natsuki Hair Set]
menu_dlc156.arc,[COM3D2EN Shop][Collab][WillPlus][Ojonai Costume Set][Costume][Uniform + Heroine Socks Set]
menu_dlc091.arc,[COM3D2EN Shop][Maid Weekend Costume Set][Biker Set]
menu_dlc119.arc,[COM3D2EN Shop][Maid Weekend Costume Set][Varsity Jacket Set]
menu_dlc203.arc,[COM3D2EN Shop][Maid Weekend Costume Set][Winter Casual Set]
menu_dlcdenkigai2017s.arc,[COM3D2EN Shop][Denkigai 09][2017 Summer Item Set]